<?xml version="1.0" encoding="UTF-8"?>
<!-- Generated by org.testng.reporters.JUnitXMLReporter -->
<testsuite ignored="0" hostname="LAPTOP-DUJFBR3O" failures="2" tests="3" name="Edge on macOS Ventura" time="133.88" errors="0" timestamp="2024-12-14T15:56:51 IST">
  <testcase classname="seleniumPKG.mac_Edge_Selenium" name="testSimpleFormDemo" time="5.737">
    <failure type="org.openqa.selenium.ElementClickInterceptedException" message="element click intercepted: Element &amp;lt;a href=&amp;quot;https://www.lambdatest.com/selenium-playground/simple-form-demo&amp;quot; class=&amp;quot;text-black text-size-14 hover:text-lambda-900 leading-relaxed&amp;quot;&amp;gt;...&amp;lt;/a&amp;gt; is not clickable at point (604, 652). Other element would receive the click: &amp;lt;div id=&amp;quot;CybotCookiebotDialogBodyButtonsWrapper&amp;quot;&amp;gt;...&amp;lt;/div&amp;gt;
  (Session info: MicrosoftEdge=127.0.2651.74)
Build info: version: &amp;apos;4.27.0&amp;apos;, revision: &amp;apos;d6e718d134&amp;apos;
System info: os.name: &amp;apos;Windows 11&amp;apos;, os.arch: &amp;apos;amd64&amp;apos;, os.version: &amp;apos;10.0&amp;apos;, java.version: &amp;apos;21.0.1&amp;apos;
Driver info: org.openqa.selenium.remote.RemoteWebDriver
Command: [40c1704a7d53bb3b28cf67251e9eb7d9, clickElement {id=f.37A2B8F9D9C503D5028D8F9E6E29E9E3.d.EDD013EDB056B8EF43981E2147484492.e.125}]
Capabilities {acceptInsecureCerts: false, browserName: MicrosoftEdge, browserVersion: 127.0.2651.74, fedcm:accounts: true, ms:edgeOptions: {debuggerAddress: localhost:56797}, msedge: {msedgedriverVersion: 127.0.2651.74 (dbf5b0aa014c..., userDataDir: /var/folders/s0/h2xfsvn150n...}, networkConnectionEnabled: false, pageLoadStrategy: normal, platformName: mac, proxy: Proxy(), setWindowRect: true, strictFileInteractability: false, timeouts: {implicit: 0, pageLoad: 300000, script: 30000}, unhandledPromptBehavior: dismiss and notify, webauthn:extension:credBlob: true, webauthn:extension:largeBlob: true, webauthn:extension:minPinLength: true, webauthn:extension:prf: true, webauthn:virtualAuthenticators: true}
Element: [[RemoteWebDriver: MicrosoftEdge on mac (40c1704a7d53bb3b28cf67251e9eb7d9)] -&amp;gt; link text: Simple Form Demo]
Session ID: 40c1704a7d53bb3b28cf67251e9eb7d9">
      <![CDATA[org.openqa.selenium.ElementClickInterceptedException: element click intercepted: Element <a href="https://www.lambdatest.com/selenium-playground/simple-form-demo" class="text-black text-size-14 hover:text-lambda-900 leading-relaxed">...</a> is not clickable at point (604, 652). Other element would receive the click: <div id="CybotCookiebotDialogBodyButtonsWrapper">...</div>
  (Session info: MicrosoftEdge=127.0.2651.74)
Build info: version: '4.27.0', revision: 'd6e718d134'
System info: os.name: 'Windows 11', os.arch: 'amd64', os.version: '10.0', java.version: '21.0.1'
Driver info: org.openqa.selenium.remote.RemoteWebDriver
Command: [40c1704a7d53bb3b28cf67251e9eb7d9, clickElement {id=f.37A2B8F9D9C503D5028D8F9E6E29E9E3.d.EDD013EDB056B8EF43981E2147484492.e.125}]
Capabilities {acceptInsecureCerts: false, browserName: MicrosoftEdge, browserVersion: 127.0.2651.74, fedcm:accounts: true, ms:edgeOptions: {debuggerAddress: localhost:56797}, msedge: {msedgedriverVersion: 127.0.2651.74 (dbf5b0aa014c..., userDataDir: /var/folders/s0/h2xfsvn150n...}, networkConnectionEnabled: false, pageLoadStrategy: normal, platformName: mac, proxy: Proxy(), setWindowRect: true, strictFileInteractability: false, timeouts: {implicit: 0, pageLoad: 300000, script: 30000}, unhandledPromptBehavior: dismiss and notify, webauthn:extension:credBlob: true, webauthn:extension:largeBlob: true, webauthn:extension:minPinLength: true, webauthn:extension:prf: true, webauthn:virtualAuthenticators: true}
Element: [[RemoteWebDriver: MicrosoftEdge on mac (40c1704a7d53bb3b28cf67251e9eb7d9)] -> link text: Simple Form Demo]
Session ID: 40c1704a7d53bb3b28cf67251e9eb7d9
at org.openqa.selenium.remote.ErrorCodec.decode(ErrorCodec.java:167)
at org.openqa.selenium.remote.codec.w3c.W3CHttpResponseCodec.decode(W3CHttpResponseCodec.java:138)
at org.openqa.selenium.remote.codec.w3c.W3CHttpResponseCodec.decode(W3CHttpResponseCodec.java:50)
at org.openqa.selenium.remote.HttpCommandExecutor.execute(HttpCommandExecutor.java:190)
at org.openqa.selenium.remote.TracedCommandExecutor.execute(TracedCommandExecutor.java:53)
at org.openqa.selenium.remote.RemoteWebDriver.execute(RemoteWebDriver.java:545)
at org.openqa.selenium.remote.RemoteWebElement.execute(RemoteWebElement.java:223)
at org.openqa.selenium.remote.RemoteWebElement.click(RemoteWebElement.java:76)
at seleniumPKG.mac_Edge_Selenium.testSimpleFormDemo(mac_Edge_Selenium.java:67)
at java.base/java.util.concurrent.FutureTask.run(FutureTask.java:317)
at java.base/java.util.concurrent.ThreadPoolExecutor.runWorker(ThreadPoolExecutor.java:1144)
at java.base/java.util.concurrent.ThreadPoolExecutor$Worker.run(ThreadPoolExecutor.java:642)
at java.base/java.lang.Thread.run(Thread.java:1583)
... Removed 9 stack frames]]>
    </failure>
  </testcase> <!-- testSimpleFormDemo -->
  <testcase classname="seleniumPKG.mac_Edge_Selenium" name="testDragAndDropSlider" time="6.462">
    <failure type="java.lang.AssertionError" message="expected [95] but found [15]">
      <![CDATA[java.lang.AssertionError: expected [95] but found [15]
at seleniumPKG.mac_Edge_Selenium.testDragAndDropSlider(mac_Edge_Selenium.java:95)
at java.base/java.util.concurrent.FutureTask.run(FutureTask.java:317)
at java.base/java.util.concurrent.ThreadPoolExecutor.runWorker(ThreadPoolExecutor.java:1144)
at java.base/java.util.concurrent.ThreadPoolExecutor$Worker.run(ThreadPoolExecutor.java:642)
at java.base/java.lang.Thread.run(Thread.java:1583)
... Removed 12 stack frames]]>
    </failure>
  </testcase> <!-- testDragAndDropSlider -->
  <testcase classname="seleniumPKG.mac_Edge_Selenium" name="testInputFormSubmit" time="13.379"/>
</testsuite> <!-- Edge on macOS Ventura -->
