<!DOCTYPE html PUBLIC "-//W3C//DTD XHTML 1.1//EN" "https://www.w3.org/TR/xhtml11/DTD/xhtml11.dtd">
<html xmlns="https://www.w3.org/1999/xhtml">
<head>
<meta http-equiv="content-type" content="text/html; charset=UTF-8"/>
<title>TestNG Report</title>
<style type="text/css">table {margin-bottom:10px;border-collapse:collapse;empty-cells:show}th,td {border:1px solid #009;padding:.25em .5em}th {vertical-align:bottom}td {vertical-align:top}table a {font-weight:bold}.stripe td {background-color: #E6EBF9}.num {text-align:right}.passedodd td {background-color: #3F3}.passedeven td {background-color: #0A0}.skippedodd td {background-color: #DDD}.skippedeven td {background-color: #CCC}.failedodd td,.attn {background-color: #F33}.failedeven td,.stripe .attn {background-color: #D00}.stacktrace {white-space:pre;font-family:monospace}.totop {font-size:85%;text-align:center;border-bottom:2px solid #000}.invisible {display:none}</style>
</head>
<body>
<table>
<tr><th>Test</th><th># Passed</th><th># Skipped</th><th># Retried</th><th># Failed</th><th>Time (ms)</th><th>Included Groups</th><th>Excluded Groups</th></tr>
<tr><th colspan="8">LT_Selenium</th></tr>
<tr><td><a href="#t0">Internet Explorer on Windows 10</a></td><td class="num">0</td><td class="num">0</td><td class="num">0</td><td class="num attn">3</td><td class="num">106,510</td><td></td><td></td></tr>
<tr class="stripe"><td><a href="#t1">Edge on macOS Ventura</a></td><td class="num">1</td><td class="num">0</td><td class="num">0</td><td class="num attn">2</td><td class="num">133,880</td><td></td><td></td></tr>
<tr><td><a href="#t2">Chrome on Windows 10</a></td><td class="num">3</td><td class="num">0</td><td class="num">0</td><td class="num">0</td><td class="num">157,451</td><td></td><td></td></tr>
<tr class="stripe"><td><a href="#t3">Firefox on Windows 11</a></td><td class="num">3</td><td class="num">0</td><td class="num">0</td><td class="num">0</td><td class="num">188,655</td><td></td><td></td></tr>
<tr><th>Total</th><th class="num">7</th><th class="num">0</th><th class="num">0</th><th class="num attn">5</th><th class="num">586,496</th><th colspan="2"></th></tr>
</table>
<table id='summary'><thead><tr><th>Class</th><th>Method</th><th>Start</th><th>Time (ms)</th></tr></thead><tbody><tr><th colspan="4">LT_Selenium</th></tr></tbody><tbody id="t0"><tr><th colspan="4">Internet Explorer on Windows 10 &#8212; failed</th></tr><tr class="failedeven"><td rowspan="3">seleniumPKG.windows_10_IE_Selenium</td><td><a href="#m0">testDragAndDropSlider</a></td><td rowspan="1">1734171944267</td><td rowspan="1">6303</td></tr><tr class="failedeven"><td><a href="#m1">testInputFormSubmit</a></td><td rowspan="1">1734171977557</td><td rowspan="1">6209</td></tr><tr class="failedeven"><td><a href="#m2">testSimpleFormDemo</a></td><td rowspan="1">1734171903202</td><td rowspan="1">7197</td></tr></tbody>
<tbody id="t1"><tr><th colspan="4">Edge on macOS Ventura &#8212; failed</th></tr><tr class="failedeven"><td rowspan="2">seleniumPKG.mac_Edge_Selenium</td><td><a href="#m3">testDragAndDropSlider</a></td><td rowspan="1">1734171964452</td><td rowspan="1">6462</td></tr><tr class="failedeven"><td><a href="#m4">testSimpleFormDemo</a></td><td rowspan="1">1734171906548</td><td rowspan="1">5737</td></tr><tr><th colspan="4">Edge on macOS Ventura &#8212; passed</th></tr><tr class="passedeven"><td rowspan="1">seleniumPKG.mac_Edge_Selenium</td><td><a href="#m5">testInputFormSubmit</a></td><td rowspan="1">1734171997616</td><td rowspan="1">13379</td></tr></tbody>
<tbody id="t2"><tr><th colspan="4">Chrome on Windows 10 &#8212; passed</th></tr><tr class="passedeven"><td rowspan="3">seleniumPKG.window_10_Chrome_Selenium</td><td><a href="#m6">testDragAndDropSlider</a></td><td rowspan="1">1734171953027</td><td rowspan="1">5513</td></tr><tr class="passedeven"><td><a href="#m7">testInputFormSubmit</a></td><td rowspan="1">1734172025225</td><td rowspan="1">9489</td></tr><tr class="passedeven"><td><a href="#m8">testSimpleFormDemo</a></td><td rowspan="1">1734171922525</td><td rowspan="1">5759</td></tr></tbody>
<tbody id="t3"><tr><th colspan="4">Firefox on Windows 11 &#8212; passed</th></tr><tr class="passedeven"><td rowspan="3">seleniumPKG.window_10_FFox_Selenium</td><td><a href="#m9">testDragAndDropSlider</a></td><td rowspan="1">1734171994658</td><td rowspan="1">13575</td></tr><tr class="passedeven"><td><a href="#m10">testInputFormSubmit</a></td><td rowspan="1">1734172041586</td><td rowspan="1">22257</td></tr><tr class="passedeven"><td><a href="#m11">testSimpleFormDemo</a></td><td rowspan="1">1734171931272</td><td rowspan="1">10090</td></tr></tbody>
</table>
<h2>Internet Explorer on Windows 10</h2><h3 id="m0">seleniumPKG.windows_10_IE_Selenium#testDragAndDropSlider</h3><table class="result"><tr><th>Exception</th></tr><tr><td><div class="stacktrace">java.lang.AssertionError: expected [95] but found [15]
	at seleniumPKG.windows_10_IE_Selenium.testDragAndDropSlider(windows_10_IE_Selenium.java:92)
	at java.base/java.util.concurrent.FutureTask.run(FutureTask.java:317)
	at java.base/java.util.concurrent.ThreadPoolExecutor.runWorker(ThreadPoolExecutor.java:1144)
	at java.base/java.util.concurrent.ThreadPoolExecutor$Worker.run(ThreadPoolExecutor.java:642)
	at java.base/java.lang.Thread.run(Thread.java:1583)
... Removed 12 stack frames</div></td></tr></table><p class="totop"><a href="#summary">back to summary</a></p>
<h3 id="m1">seleniumPKG.windows_10_IE_Selenium#testInputFormSubmit</h3><table class="result"><tr><th>Exception</th></tr><tr><td><div class="stacktrace">java.lang.AssertionError: expected [Please fill out this field.] but found [This is a required field]
	at seleniumPKG.windows_10_IE_Selenium.testInputFormSubmit(windows_10_IE_Selenium.java:108)
	at java.base/java.util.concurrent.FutureTask.run(FutureTask.java:317)
	at java.base/java.util.concurrent.ThreadPoolExecutor.runWorker(ThreadPoolExecutor.java:1144)
	at java.base/java.util.concurrent.ThreadPoolExecutor$Worker.run(ThreadPoolExecutor.java:642)
	at java.base/java.lang.Thread.run(Thread.java:1583)
... Removed 12 stack frames</div></td></tr></table><p class="totop"><a href="#summary">back to summary</a></p>
<h3 id="m2">seleniumPKG.windows_10_IE_Selenium#testSimpleFormDemo</h3><table class="result"><tr><th>Exception</th></tr><tr><td><div class="stacktrace">java.lang.AssertionError: expected [Welcome to LambdaTest] but found []
	at seleniumPKG.windows_10_IE_Selenium.testSimpleFormDemo(windows_10_IE_Selenium.java:76)
	at java.base/java.util.concurrent.FutureTask.run(FutureTask.java:317)
	at java.base/java.util.concurrent.ThreadPoolExecutor.runWorker(ThreadPoolExecutor.java:1144)
	at java.base/java.util.concurrent.ThreadPoolExecutor$Worker.run(ThreadPoolExecutor.java:642)
	at java.base/java.lang.Thread.run(Thread.java:1583)
... Removed 12 stack frames</div></td></tr></table><p class="totop"><a href="#summary">back to summary</a></p>
<h2>Edge on macOS Ventura</h2><h3 id="m3">seleniumPKG.mac_Edge_Selenium#testDragAndDropSlider</h3><table class="result"><tr><th>Exception</th></tr><tr><td><div class="stacktrace">java.lang.AssertionError: expected [95] but found [15]
	at seleniumPKG.mac_Edge_Selenium.testDragAndDropSlider(mac_Edge_Selenium.java:95)
	at java.base/java.util.concurrent.FutureTask.run(FutureTask.java:317)
	at java.base/java.util.concurrent.ThreadPoolExecutor.runWorker(ThreadPoolExecutor.java:1144)
	at java.base/java.util.concurrent.ThreadPoolExecutor$Worker.run(ThreadPoolExecutor.java:642)
	at java.base/java.lang.Thread.run(Thread.java:1583)
... Removed 12 stack frames</div></td></tr></table><p class="totop"><a href="#summary">back to summary</a></p>
<h3 id="m4">seleniumPKG.mac_Edge_Selenium#testSimpleFormDemo</h3><table class="result"><tr><th>Exception</th></tr><tr><td><div class="stacktrace">org.openqa.selenium.ElementClickInterceptedException: element click intercepted: Element &lt;a href=&quot;https://www.lambdatest.com/selenium-playground/simple-form-demo&quot; class=&quot;text-black text-size-14 hover:text-lambda-900 leading-relaxed&quot;&gt;...&lt;/a&gt; is not clickable at point (604, 652). Other element would receive the click: &lt;div id=&quot;CybotCookiebotDialogBodyButtonsWrapper&quot;&gt;...&lt;/div&gt;
  (Session info: MicrosoftEdge=127.0.2651.74)
Build info: version: &apos;4.27.0&apos;, revision: &apos;d6e718d134&apos;
System info: os.name: &apos;Windows 11&apos;, os.arch: &apos;amd64&apos;, os.version: &apos;10.0&apos;, java.version: &apos;21.0.1&apos;
Driver info: org.openqa.selenium.remote.RemoteWebDriver
Command: [40c1704a7d53bb3b28cf67251e9eb7d9, clickElement {id=f.37A2B8F9D9C503D5028D8F9E6E29E9E3.d.EDD013EDB056B8EF43981E2147484492.e.125}]
Capabilities {acceptInsecureCerts: false, browserName: MicrosoftEdge, browserVersion: 127.0.2651.74, fedcm:accounts: true, ms:edgeOptions: {debuggerAddress: localhost:56797}, msedge: {msedgedriverVersion: 127.0.2651.74 (dbf5b0aa014c..., userDataDir: /var/folders/s0/h2xfsvn150n...}, networkConnectionEnabled: false, pageLoadStrategy: normal, platformName: mac, proxy: Proxy(), setWindowRect: true, strictFileInteractability: false, timeouts: {implicit: 0, pageLoad: 300000, script: 30000}, unhandledPromptBehavior: dismiss and notify, webauthn:extension:credBlob: true, webauthn:extension:largeBlob: true, webauthn:extension:minPinLength: true, webauthn:extension:prf: true, webauthn:virtualAuthenticators: true}
Element: [[RemoteWebDriver: MicrosoftEdge on mac (40c1704a7d53bb3b28cf67251e9eb7d9)] -&gt; link text: Simple Form Demo]
Session ID: 40c1704a7d53bb3b28cf67251e9eb7d9
	at org.openqa.selenium.remote.ErrorCodec.decode(ErrorCodec.java:167)
	at org.openqa.selenium.remote.codec.w3c.W3CHttpResponseCodec.decode(W3CHttpResponseCodec.java:138)
	at org.openqa.selenium.remote.codec.w3c.W3CHttpResponseCodec.decode(W3CHttpResponseCodec.java:50)
	at org.openqa.selenium.remote.HttpCommandExecutor.execute(HttpCommandExecutor.java:190)
	at org.openqa.selenium.remote.TracedCommandExecutor.execute(TracedCommandExecutor.java:53)
	at org.openqa.selenium.remote.RemoteWebDriver.execute(RemoteWebDriver.java:545)
	at org.openqa.selenium.remote.RemoteWebElement.execute(RemoteWebElement.java:223)
	at org.openqa.selenium.remote.RemoteWebElement.click(RemoteWebElement.java:76)
	at seleniumPKG.mac_Edge_Selenium.testSimpleFormDemo(mac_Edge_Selenium.java:67)
	at java.base/java.util.concurrent.FutureTask.run(FutureTask.java:317)
	at java.base/java.util.concurrent.ThreadPoolExecutor.runWorker(ThreadPoolExecutor.java:1144)
	at java.base/java.util.concurrent.ThreadPoolExecutor$Worker.run(ThreadPoolExecutor.java:642)
	at java.base/java.lang.Thread.run(Thread.java:1583)
... Removed 9 stack frames</div></td></tr></table><p class="totop"><a href="#summary">back to summary</a></p>
<h3 id="m5">seleniumPKG.mac_Edge_Selenium#testInputFormSubmit</h3><table class="result"><tr><th class="invisible"/></tr></table><p class="totop"><a href="#summary">back to summary</a></p>
<h2>Chrome on Windows 10</h2><h3 id="m6">seleniumPKG.window_10_Chrome_Selenium#testDragAndDropSlider</h3><table class="result"><tr><th class="invisible"/></tr></table><p class="totop"><a href="#summary">back to summary</a></p>
<h3 id="m7">seleniumPKG.window_10_Chrome_Selenium#testInputFormSubmit</h3><table class="result"><tr><th class="invisible"/></tr></table><p class="totop"><a href="#summary">back to summary</a></p>
<h3 id="m8">seleniumPKG.window_10_Chrome_Selenium#testSimpleFormDemo</h3><table class="result"><tr><th class="invisible"/></tr></table><p class="totop"><a href="#summary">back to summary</a></p>
<h2>Firefox on Windows 11</h2><h3 id="m9">seleniumPKG.window_10_FFox_Selenium#testDragAndDropSlider</h3><table class="result"><tr><th class="invisible"/></tr></table><p class="totop"><a href="#summary">back to summary</a></p>
<h3 id="m10">seleniumPKG.window_10_FFox_Selenium#testInputFormSubmit</h3><table class="result"><tr><th class="invisible"/></tr></table><p class="totop"><a href="#summary">back to summary</a></p>
<h3 id="m11">seleniumPKG.window_10_FFox_Selenium#testSimpleFormDemo</h3><table class="result"><tr><th class="invisible"/></tr></table><p class="totop"><a href="#summary">back to summary</a></p>
</body>
</html>
