<?xml version="1.0" encoding="UTF-8"?>
<testng-results ignored="0" total="12" passed="7" failed="5" skipped="0">
  <reporter-output>
  </reporter-output>
  <suite started-at="2024-12-14T15:54:37 IST" name="LT_Selenium" finished-at="2024-12-14T15:57:46 IST" duration-ms="188655">
    <groups>
    </groups>
    <test started-at="2024-12-14T15:54:37 IST" name="Internet Explorer on Windows 10" finished-at="2024-12-14T15:56:23 IST" duration-ms="106510">
      <class name="seleniumPKG.windows_10_IE_Selenium">
        <test-method is-config="true" signature="setUp(java.lang.String,java.lang.String,java.lang.String,java.lang.String)[pri:0, instance:seleniumPKG.windows_10_IE_Selenium@6c6cb480]" started-at="2024-12-14T15:54:37 IST" name="setUp" finished-at="2024-12-14T15:55:03 IST" duration-ms="25751" status="PASS">
          <params>
            <param index="0">
              <value>
                <![CDATA[latest]]>
              </value>
            </param>
            <param index="1">
              <value>
                <![CDATA[Windows 10]]>
              </value>
            </param>
            <param index="2">
              <value>
                <![CDATA[pandharinathachyutraolondhe]]>
              </value>
            </param>
            <param index="3">
              <value>
                <![CDATA[EDYbfrgZESjAmCvAzgmmucEPKM8983ztsm4niUtc6YkwKdvwOs]]>
              </value>
            </param>
          </params>
          <reporter-output>
          </reporter-output>
        </test-method> <!-- setUp -->
        <test-method signature="testSimpleFormDemo()[pri:1, instance:seleniumPKG.windows_10_IE_Selenium@6c6cb480]" started-at="2024-12-14T15:55:03 IST" name="testSimpleFormDemo" finished-at="2024-12-14T15:55:10 IST" duration-ms="7197" status="FAIL">
          <exception class="java.lang.AssertionError">
            <message>
              <![CDATA[expected [Welcome to LambdaTest] but found []]]>
            </message>
            <full-stacktrace>
              <![CDATA[java.lang.AssertionError: expected [Welcome to LambdaTest] but found []
at org.testng.Assert.fail(Assert.java:110)
at org.testng.Assert.failNotEquals(Assert.java:1577)
at org.testng.Assert.assertEqualsImpl(Assert.java:149)
at org.testng.Assert.assertEquals(Assert.java:131)
at org.testng.Assert.assertEquals(Assert.java:655)
at org.testng.Assert.assertEquals(Assert.java:665)
at seleniumPKG.windows_10_IE_Selenium.testSimpleFormDemo(windows_10_IE_Selenium.java:76)
at java.base/jdk.internal.reflect.DirectMethodHandleAccessor.invoke(DirectMethodHandleAccessor.java:103)
at java.base/java.lang.reflect.Method.invoke(Method.java:580)
at org.testng.internal.invokers.MethodInvocationHelper.invokeMethod(MethodInvocationHelper.java:139)
at org.testng.internal.invokers.InvokeMethodRunnable.runOne(InvokeMethodRunnable.java:47)
at org.testng.internal.invokers.InvokeMethodRunnable.call(InvokeMethodRunnable.java:76)
at org.testng.internal.invokers.InvokeMethodRunnable.call(InvokeMethodRunnable.java:11)
at java.base/java.util.concurrent.FutureTask.run(FutureTask.java:317)
at java.base/java.util.concurrent.ThreadPoolExecutor.runWorker(ThreadPoolExecutor.java:1144)
at java.base/java.util.concurrent.ThreadPoolExecutor$Worker.run(ThreadPoolExecutor.java:642)
at java.base/java.lang.Thread.run(Thread.java:1583)
]]>
            </full-stacktrace>
          </exception> <!-- java.lang.AssertionError -->
          <reporter-output>
          </reporter-output>
        </test-method> <!-- testSimpleFormDemo -->
        <test-method is-config="true" signature="tearDown()[pri:0, instance:seleniumPKG.windows_10_IE_Selenium@6c6cb480]" started-at="2024-12-14T15:55:10 IST" name="tearDown" finished-at="2024-12-14T15:55:10 IST" duration-ms="106" status="PASS">
          <reporter-output>
          </reporter-output>
        </test-method> <!-- tearDown -->
        <test-method is-config="true" signature="setUp(java.lang.String,java.lang.String,java.lang.String,java.lang.String)[pri:0, instance:seleniumPKG.windows_10_IE_Selenium@6c6cb480]" started-at="2024-12-14T15:55:10 IST" name="setUp" finished-at="2024-12-14T15:55:44 IST" duration-ms="33756" status="PASS">
          <params>
            <param index="0">
              <value>
                <![CDATA[latest]]>
              </value>
            </param>
            <param index="1">
              <value>
                <![CDATA[Windows 10]]>
              </value>
            </param>
            <param index="2">
              <value>
                <![CDATA[pandharinathachyutraolondhe]]>
              </value>
            </param>
            <param index="3">
              <value>
                <![CDATA[EDYbfrgZESjAmCvAzgmmucEPKM8983ztsm4niUtc6YkwKdvwOs]]>
              </value>
            </param>
          </params>
          <reporter-output>
          </reporter-output>
        </test-method> <!-- setUp -->
        <test-method signature="testDragAndDropSlider()[pri:2, instance:seleniumPKG.windows_10_IE_Selenium@6c6cb480]" started-at="2024-12-14T15:55:44 IST" name="testDragAndDropSlider" finished-at="2024-12-14T15:55:50 IST" duration-ms="6303" status="FAIL">
          <exception class="java.lang.AssertionError">
            <message>
              <![CDATA[expected [95] but found [15]]]>
            </message>
            <full-stacktrace>
              <![CDATA[java.lang.AssertionError: expected [95] but found [15]
at org.testng.Assert.fail(Assert.java:110)
at org.testng.Assert.failNotEquals(Assert.java:1577)
at org.testng.Assert.assertEqualsImpl(Assert.java:149)
at org.testng.Assert.assertEquals(Assert.java:131)
at org.testng.Assert.assertEquals(Assert.java:655)
at org.testng.Assert.assertEquals(Assert.java:665)
at seleniumPKG.windows_10_IE_Selenium.testDragAndDropSlider(windows_10_IE_Selenium.java:92)
at java.base/jdk.internal.reflect.DirectMethodHandleAccessor.invoke(DirectMethodHandleAccessor.java:103)
at java.base/java.lang.reflect.Method.invoke(Method.java:580)
at org.testng.internal.invokers.MethodInvocationHelper.invokeMethod(MethodInvocationHelper.java:139)
at org.testng.internal.invokers.InvokeMethodRunnable.runOne(InvokeMethodRunnable.java:47)
at org.testng.internal.invokers.InvokeMethodRunnable.call(InvokeMethodRunnable.java:76)
at org.testng.internal.invokers.InvokeMethodRunnable.call(InvokeMethodRunnable.java:11)
at java.base/java.util.concurrent.FutureTask.run(FutureTask.java:317)
at java.base/java.util.concurrent.ThreadPoolExecutor.runWorker(ThreadPoolExecutor.java:1144)
at java.base/java.util.concurrent.ThreadPoolExecutor$Worker.run(ThreadPoolExecutor.java:642)
at java.base/java.lang.Thread.run(Thread.java:1583)
]]>
            </full-stacktrace>
          </exception> <!-- java.lang.AssertionError -->
          <reporter-output>
          </reporter-output>
        </test-method> <!-- testDragAndDropSlider -->
        <test-method is-config="true" signature="tearDown()[pri:0, instance:seleniumPKG.windows_10_IE_Selenium@6c6cb480]" started-at="2024-12-14T15:55:50 IST" name="tearDown" finished-at="2024-12-14T15:55:50 IST" duration-ms="113" status="PASS">
          <reporter-output>
          </reporter-output>
        </test-method> <!-- tearDown -->
        <test-method is-config="true" signature="setUp(java.lang.String,java.lang.String,java.lang.String,java.lang.String)[pri:0, instance:seleniumPKG.windows_10_IE_Selenium@6c6cb480]" started-at="2024-12-14T15:55:50 IST" name="setUp" finished-at="2024-12-14T15:56:17 IST" duration-ms="26871" status="PASS">
          <params>
            <param index="0">
              <value>
                <![CDATA[latest]]>
              </value>
            </param>
            <param index="1">
              <value>
                <![CDATA[Windows 10]]>
              </value>
            </param>
            <param index="2">
              <value>
                <![CDATA[pandharinathachyutraolondhe]]>
              </value>
            </param>
            <param index="3">
              <value>
                <![CDATA[EDYbfrgZESjAmCvAzgmmucEPKM8983ztsm4niUtc6YkwKdvwOs]]>
              </value>
            </param>
          </params>
          <reporter-output>
          </reporter-output>
        </test-method> <!-- setUp -->
        <test-method signature="testInputFormSubmit()[pri:3, instance:seleniumPKG.windows_10_IE_Selenium@6c6cb480]" started-at="2024-12-14T15:56:17 IST" name="testInputFormSubmit" finished-at="2024-12-14T15:56:23 IST" duration-ms="6209" status="FAIL">
          <exception class="java.lang.AssertionError">
            <message>
              <![CDATA[expected [Please fill out this field.] but found [This is a required field]]]>
            </message>
            <full-stacktrace>
              <![CDATA[java.lang.AssertionError: expected [Please fill out this field.] but found [This is a required field]
at org.testng.Assert.fail(Assert.java:110)
at org.testng.Assert.failNotEquals(Assert.java:1577)
at org.testng.Assert.assertEqualsImpl(Assert.java:149)
at org.testng.Assert.assertEquals(Assert.java:131)
at org.testng.Assert.assertEquals(Assert.java:655)
at org.testng.Assert.assertEquals(Assert.java:665)
at seleniumPKG.windows_10_IE_Selenium.testInputFormSubmit(windows_10_IE_Selenium.java:108)
at java.base/jdk.internal.reflect.DirectMethodHandleAccessor.invoke(DirectMethodHandleAccessor.java:103)
at java.base/java.lang.reflect.Method.invoke(Method.java:580)
at org.testng.internal.invokers.MethodInvocationHelper.invokeMethod(MethodInvocationHelper.java:139)
at org.testng.internal.invokers.InvokeMethodRunnable.runOne(InvokeMethodRunnable.java:47)
at org.testng.internal.invokers.InvokeMethodRunnable.call(InvokeMethodRunnable.java:76)
at org.testng.internal.invokers.InvokeMethodRunnable.call(InvokeMethodRunnable.java:11)
at java.base/java.util.concurrent.FutureTask.run(FutureTask.java:317)
at java.base/java.util.concurrent.ThreadPoolExecutor.runWorker(ThreadPoolExecutor.java:1144)
at java.base/java.util.concurrent.ThreadPoolExecutor$Worker.run(ThreadPoolExecutor.java:642)
at java.base/java.lang.Thread.run(Thread.java:1583)
]]>
            </full-stacktrace>
          </exception> <!-- java.lang.AssertionError -->
          <reporter-output>
          </reporter-output>
        </test-method> <!-- testInputFormSubmit -->
        <test-method is-config="true" signature="tearDown()[pri:0, instance:seleniumPKG.windows_10_IE_Selenium@6c6cb480]" started-at="2024-12-14T15:56:23 IST" name="tearDown" finished-at="2024-12-14T15:56:23 IST" duration-ms="126" status="PASS">
          <reporter-output>
          </reporter-output>
        </test-method> <!-- tearDown -->
      </class> <!-- seleniumPKG.windows_10_IE_Selenium -->
    </test> <!-- Internet Explorer on Windows 10 -->
    <test started-at="2024-12-14T15:54:37 IST" name="Edge on macOS Ventura" finished-at="2024-12-14T15:56:51 IST" duration-ms="133880">
      <class name="seleniumPKG.mac_Edge_Selenium">
        <test-method is-config="true" signature="setUp(java.lang.String,java.lang.String,java.lang.String,java.lang.String)[pri:0, instance:seleniumPKG.mac_Edge_Selenium@7c7a06ec]" started-at="2024-12-14T15:54:37 IST" name="setUp" finished-at="2024-12-14T15:55:06 IST" duration-ms="29100" status="PASS">
          <params>
            <param index="0">
              <value>
                <![CDATA[127.0]]>
              </value>
            </param>
            <param index="1">
              <value>
                <![CDATA[macOS Ventura]]>
              </value>
            </param>
            <param index="2">
              <value>
                <![CDATA[pandharinathachyutraolondhe]]>
              </value>
            </param>
            <param index="3">
              <value>
                <![CDATA[EDYbfrgZESjAmCvAzgmmucEPKM8983ztsm4niUtc6YkwKdvwOs]]>
              </value>
            </param>
          </params>
          <reporter-output>
          </reporter-output>
        </test-method> <!-- setUp -->
        <test-method signature="testSimpleFormDemo()[pri:1, instance:seleniumPKG.mac_Edge_Selenium@7c7a06ec]" started-at="2024-12-14T15:55:06 IST" name="testSimpleFormDemo" finished-at="2024-12-14T15:55:12 IST" duration-ms="5737" status="FAIL">
          <exception class="org.openqa.selenium.ElementClickInterceptedException">
            <message>
              <![CDATA[element click intercepted: Element <a href="https://www.lambdatest.com/selenium-playground/simple-form-demo" class="text-black text-size-14 hover:text-lambda-900 leading-relaxed">...</a> is not clickable at point (604, 652). Other element would receive the click: <div id="CybotCookiebotDialogBodyButtonsWrapper">...</div>
  (Session info: MicrosoftEdge=127.0.2651.74)
Build info: version: '4.27.0', revision: 'd6e718d134'
System info: os.name: 'Windows 11', os.arch: 'amd64', os.version: '10.0', java.version: '21.0.1'
Driver info: org.openqa.selenium.remote.RemoteWebDriver
Command: [40c1704a7d53bb3b28cf67251e9eb7d9, clickElement {id=f.37A2B8F9D9C503D5028D8F9E6E29E9E3.d.EDD013EDB056B8EF43981E2147484492.e.125}]
Capabilities {acceptInsecureCerts: false, browserName: MicrosoftEdge, browserVersion: 127.0.2651.74, fedcm:accounts: true, ms:edgeOptions: {debuggerAddress: localhost:56797}, msedge: {msedgedriverVersion: 127.0.2651.74 (dbf5b0aa014c..., userDataDir: /var/folders/s0/h2xfsvn150n...}, networkConnectionEnabled: false, pageLoadStrategy: normal, platformName: mac, proxy: Proxy(), setWindowRect: true, strictFileInteractability: false, timeouts: {implicit: 0, pageLoad: 300000, script: 30000}, unhandledPromptBehavior: dismiss and notify, webauthn:extension:credBlob: true, webauthn:extension:largeBlob: true, webauthn:extension:minPinLength: true, webauthn:extension:prf: true, webauthn:virtualAuthenticators: true}
Element: [[RemoteWebDriver: MicrosoftEdge on mac (40c1704a7d53bb3b28cf67251e9eb7d9)] -> link text: Simple Form Demo]
Session ID: 40c1704a7d53bb3b28cf67251e9eb7d9]]>
            </message>
            <full-stacktrace>
              <![CDATA[org.openqa.selenium.ElementClickInterceptedException: element click intercepted: Element <a href="https://www.lambdatest.com/selenium-playground/simple-form-demo" class="text-black text-size-14 hover:text-lambda-900 leading-relaxed">...</a> is not clickable at point (604, 652). Other element would receive the click: <div id="CybotCookiebotDialogBodyButtonsWrapper">...</div>
  (Session info: MicrosoftEdge=127.0.2651.74)
Build info: version: '4.27.0', revision: 'd6e718d134'
System info: os.name: 'Windows 11', os.arch: 'amd64', os.version: '10.0', java.version: '21.0.1'
Driver info: org.openqa.selenium.remote.RemoteWebDriver
Command: [40c1704a7d53bb3b28cf67251e9eb7d9, clickElement {id=f.37A2B8F9D9C503D5028D8F9E6E29E9E3.d.EDD013EDB056B8EF43981E2147484492.e.125}]
Capabilities {acceptInsecureCerts: false, browserName: MicrosoftEdge, browserVersion: 127.0.2651.74, fedcm:accounts: true, ms:edgeOptions: {debuggerAddress: localhost:56797}, msedge: {msedgedriverVersion: 127.0.2651.74 (dbf5b0aa014c..., userDataDir: /var/folders/s0/h2xfsvn150n...}, networkConnectionEnabled: false, pageLoadStrategy: normal, platformName: mac, proxy: Proxy(), setWindowRect: true, strictFileInteractability: false, timeouts: {implicit: 0, pageLoad: 300000, script: 30000}, unhandledPromptBehavior: dismiss and notify, webauthn:extension:credBlob: true, webauthn:extension:largeBlob: true, webauthn:extension:minPinLength: true, webauthn:extension:prf: true, webauthn:virtualAuthenticators: true}
Element: [[RemoteWebDriver: MicrosoftEdge on mac (40c1704a7d53bb3b28cf67251e9eb7d9)] -> link text: Simple Form Demo]
Session ID: 40c1704a7d53bb3b28cf67251e9eb7d9
at java.base/jdk.internal.reflect.DirectConstructorHandleAccessor.newInstance(DirectConstructorHandleAccessor.java:62)
at java.base/java.lang.reflect.Constructor.newInstanceWithCaller(Constructor.java:502)
at java.base/java.lang.reflect.Constructor.newInstance(Constructor.java:486)
at org.openqa.selenium.remote.ErrorCodec.decode(ErrorCodec.java:167)
at org.openqa.selenium.remote.codec.w3c.W3CHttpResponseCodec.decode(W3CHttpResponseCodec.java:138)
at org.openqa.selenium.remote.codec.w3c.W3CHttpResponseCodec.decode(W3CHttpResponseCodec.java:50)
at org.openqa.selenium.remote.HttpCommandExecutor.execute(HttpCommandExecutor.java:190)
at org.openqa.selenium.remote.TracedCommandExecutor.execute(TracedCommandExecutor.java:53)
at org.openqa.selenium.remote.RemoteWebDriver.execute(RemoteWebDriver.java:545)
at org.openqa.selenium.remote.RemoteWebElement.execute(RemoteWebElement.java:223)
at org.openqa.selenium.remote.RemoteWebElement.click(RemoteWebElement.java:76)
at seleniumPKG.mac_Edge_Selenium.testSimpleFormDemo(mac_Edge_Selenium.java:67)
at java.base/jdk.internal.reflect.DirectMethodHandleAccessor.invoke(DirectMethodHandleAccessor.java:103)
at java.base/java.lang.reflect.Method.invoke(Method.java:580)
at org.testng.internal.invokers.MethodInvocationHelper.invokeMethod(MethodInvocationHelper.java:139)
at org.testng.internal.invokers.InvokeMethodRunnable.runOne(InvokeMethodRunnable.java:47)
at org.testng.internal.invokers.InvokeMethodRunnable.call(InvokeMethodRunnable.java:76)
at org.testng.internal.invokers.InvokeMethodRunnable.call(InvokeMethodRunnable.java:11)
at java.base/java.util.concurrent.FutureTask.run(FutureTask.java:317)
at java.base/java.util.concurrent.ThreadPoolExecutor.runWorker(ThreadPoolExecutor.java:1144)
at java.base/java.util.concurrent.ThreadPoolExecutor$Worker.run(ThreadPoolExecutor.java:642)
at java.base/java.lang.Thread.run(Thread.java:1583)
]]>
            </full-stacktrace>
          </exception> <!-- org.openqa.selenium.ElementClickInterceptedException -->
          <reporter-output>
          </reporter-output>
        </test-method> <!-- testSimpleFormDemo -->
        <test-method is-config="true" signature="tearDown()[pri:0, instance:seleniumPKG.mac_Edge_Selenium@7c7a06ec]" started-at="2024-12-14T15:55:12 IST" name="tearDown" finished-at="2024-12-14T15:55:12 IST" duration-ms="394" status="PASS">
          <reporter-output>
          </reporter-output>
        </test-method> <!-- tearDown -->
        <test-method is-config="true" signature="setUp(java.lang.String,java.lang.String,java.lang.String,java.lang.String)[pri:0, instance:seleniumPKG.mac_Edge_Selenium@7c7a06ec]" started-at="2024-12-14T15:55:12 IST" name="setUp" finished-at="2024-12-14T15:56:04 IST" duration-ms="51771" status="PASS">
          <params>
            <param index="0">
              <value>
                <![CDATA[127.0]]>
              </value>
            </param>
            <param index="1">
              <value>
                <![CDATA[macOS Ventura]]>
              </value>
            </param>
            <param index="2">
              <value>
                <![CDATA[pandharinathachyutraolondhe]]>
              </value>
            </param>
            <param index="3">
              <value>
                <![CDATA[EDYbfrgZESjAmCvAzgmmucEPKM8983ztsm4niUtc6YkwKdvwOs]]>
              </value>
            </param>
          </params>
          <reporter-output>
          </reporter-output>
        </test-method> <!-- setUp -->
        <test-method signature="testDragAndDropSlider()[pri:2, instance:seleniumPKG.mac_Edge_Selenium@7c7a06ec]" started-at="2024-12-14T15:56:04 IST" name="testDragAndDropSlider" finished-at="2024-12-14T15:56:10 IST" duration-ms="6462" status="FAIL">
          <exception class="java.lang.AssertionError">
            <message>
              <![CDATA[expected [95] but found [15]]]>
            </message>
            <full-stacktrace>
              <![CDATA[java.lang.AssertionError: expected [95] but found [15]
at org.testng.Assert.fail(Assert.java:110)
at org.testng.Assert.failNotEquals(Assert.java:1577)
at org.testng.Assert.assertEqualsImpl(Assert.java:149)
at org.testng.Assert.assertEquals(Assert.java:131)
at org.testng.Assert.assertEquals(Assert.java:655)
at org.testng.Assert.assertEquals(Assert.java:665)
at seleniumPKG.mac_Edge_Selenium.testDragAndDropSlider(mac_Edge_Selenium.java:95)
at java.base/jdk.internal.reflect.DirectMethodHandleAccessor.invoke(DirectMethodHandleAccessor.java:103)
at java.base/java.lang.reflect.Method.invoke(Method.java:580)
at org.testng.internal.invokers.MethodInvocationHelper.invokeMethod(MethodInvocationHelper.java:139)
at org.testng.internal.invokers.InvokeMethodRunnable.runOne(InvokeMethodRunnable.java:47)
at org.testng.internal.invokers.InvokeMethodRunnable.call(InvokeMethodRunnable.java:76)
at org.testng.internal.invokers.InvokeMethodRunnable.call(InvokeMethodRunnable.java:11)
at java.base/java.util.concurrent.FutureTask.run(FutureTask.java:317)
at java.base/java.util.concurrent.ThreadPoolExecutor.runWorker(ThreadPoolExecutor.java:1144)
at java.base/java.util.concurrent.ThreadPoolExecutor$Worker.run(ThreadPoolExecutor.java:642)
at java.base/java.lang.Thread.run(Thread.java:1583)
]]>
            </full-stacktrace>
          </exception> <!-- java.lang.AssertionError -->
          <reporter-output>
          </reporter-output>
        </test-method> <!-- testDragAndDropSlider -->
        <test-method is-config="true" signature="tearDown()[pri:0, instance:seleniumPKG.mac_Edge_Selenium@7c7a06ec]" started-at="2024-12-14T15:56:10 IST" name="tearDown" finished-at="2024-12-14T15:56:11 IST" duration-ms="265" status="PASS">
          <reporter-output>
          </reporter-output>
        </test-method> <!-- tearDown -->
        <test-method is-config="true" signature="setUp(java.lang.String,java.lang.String,java.lang.String,java.lang.String)[pri:0, instance:seleniumPKG.mac_Edge_Selenium@7c7a06ec]" started-at="2024-12-14T15:56:11 IST" name="setUp" finished-at="2024-12-14T15:56:37 IST" duration-ms="26435" status="PASS">
          <params>
            <param index="0">
              <value>
                <![CDATA[127.0]]>
              </value>
            </param>
            <param index="1">
              <value>
                <![CDATA[macOS Ventura]]>
              </value>
            </param>
            <param index="2">
              <value>
                <![CDATA[pandharinathachyutraolondhe]]>
              </value>
            </param>
            <param index="3">
              <value>
                <![CDATA[EDYbfrgZESjAmCvAzgmmucEPKM8983ztsm4niUtc6YkwKdvwOs]]>
              </value>
            </param>
          </params>
          <reporter-output>
          </reporter-output>
        </test-method> <!-- setUp -->
        <test-method signature="testInputFormSubmit()[pri:3, instance:seleniumPKG.mac_Edge_Selenium@7c7a06ec]" started-at="2024-12-14T15:56:37 IST" name="testInputFormSubmit" finished-at="2024-12-14T15:56:50 IST" duration-ms="13379" status="PASS">
          <reporter-output>
          </reporter-output>
        </test-method> <!-- testInputFormSubmit -->
        <test-method is-config="true" signature="tearDown()[pri:0, instance:seleniumPKG.mac_Edge_Selenium@7c7a06ec]" started-at="2024-12-14T15:56:50 IST" name="tearDown" finished-at="2024-12-14T15:56:51 IST" duration-ms="269" status="PASS">
          <reporter-output>
          </reporter-output>
        </test-method> <!-- tearDown -->
      </class> <!-- seleniumPKG.mac_Edge_Selenium -->
    </test> <!-- Edge on macOS Ventura -->
    <test started-at="2024-12-14T15:54:37 IST" name="Chrome on Windows 10" finished-at="2024-12-14T15:57:14 IST" duration-ms="157451">
      <class name="seleniumPKG.window_10_Chrome_Selenium">
        <test-method is-config="true" signature="setUp(java.lang.String,java.lang.String,java.lang.String,java.lang.String)[pri:0, instance:seleniumPKG.window_10_Chrome_Selenium@49ec71f8]" started-at="2024-12-14T15:54:37 IST" name="setUp" finished-at="2024-12-14T15:55:22 IST" duration-ms="45077" status="PASS">
          <params>
            <param index="0">
              <value>
                <![CDATA[128.0]]>
              </value>
            </param>
            <param index="1">
              <value>
                <![CDATA[Windows 10]]>
              </value>
            </param>
            <param index="2">
              <value>
                <![CDATA[pandharinathachyutraolondhe]]>
              </value>
            </param>
            <param index="3">
              <value>
                <![CDATA[EDYbfrgZESjAmCvAzgmmucEPKM8983ztsm4niUtc6YkwKdvwOs]]>
              </value>
            </param>
          </params>
          <reporter-output>
          </reporter-output>
        </test-method> <!-- setUp -->
        <test-method signature="testSimpleFormDemo()[pri:1, instance:seleniumPKG.window_10_Chrome_Selenium@49ec71f8]" started-at="2024-12-14T15:55:22 IST" name="testSimpleFormDemo" finished-at="2024-12-14T15:55:28 IST" duration-ms="5759" status="PASS">
          <reporter-output>
          </reporter-output>
        </test-method> <!-- testSimpleFormDemo -->
        <test-method is-config="true" signature="tearDown()[pri:0, instance:seleniumPKG.window_10_Chrome_Selenium@49ec71f8]" started-at="2024-12-14T15:55:28 IST" name="tearDown" finished-at="2024-12-14T15:55:28 IST" duration-ms="150" status="PASS">
          <reporter-output>
          </reporter-output>
        </test-method> <!-- tearDown -->
        <test-method is-config="true" signature="setUp(java.lang.String,java.lang.String,java.lang.String,java.lang.String)[pri:0, instance:seleniumPKG.window_10_Chrome_Selenium@49ec71f8]" started-at="2024-12-14T15:55:28 IST" name="setUp" finished-at="2024-12-14T15:55:53 IST" duration-ms="24590" status="PASS">
          <params>
            <param index="0">
              <value>
                <![CDATA[128.0]]>
              </value>
            </param>
            <param index="1">
              <value>
                <![CDATA[Windows 10]]>
              </value>
            </param>
            <param index="2">
              <value>
                <![CDATA[pandharinathachyutraolondhe]]>
              </value>
            </param>
            <param index="3">
              <value>
                <![CDATA[EDYbfrgZESjAmCvAzgmmucEPKM8983ztsm4niUtc6YkwKdvwOs]]>
              </value>
            </param>
          </params>
          <reporter-output>
          </reporter-output>
        </test-method> <!-- setUp -->
        <test-method signature="testDragAndDropSlider()[pri:2, instance:seleniumPKG.window_10_Chrome_Selenium@49ec71f8]" started-at="2024-12-14T15:55:53 IST" name="testDragAndDropSlider" finished-at="2024-12-14T15:55:58 IST" duration-ms="5513" status="PASS">
          <reporter-output>
          </reporter-output>
        </test-method> <!-- testDragAndDropSlider -->
        <test-method is-config="true" signature="tearDown()[pri:0, instance:seleniumPKG.window_10_Chrome_Selenium@49ec71f8]" started-at="2024-12-14T15:55:58 IST" name="tearDown" finished-at="2024-12-14T15:55:58 IST" duration-ms="173" status="PASS">
          <reporter-output>
          </reporter-output>
        </test-method> <!-- tearDown -->
        <test-method is-config="true" signature="setUp(java.lang.String,java.lang.String,java.lang.String,java.lang.String)[pri:0, instance:seleniumPKG.window_10_Chrome_Selenium@49ec71f8]" started-at="2024-12-14T15:55:58 IST" name="setUp" finished-at="2024-12-14T15:57:05 IST" duration-ms="66511" status="PASS">
          <params>
            <param index="0">
              <value>
                <![CDATA[128.0]]>
              </value>
            </param>
            <param index="1">
              <value>
                <![CDATA[Windows 10]]>
              </value>
            </param>
            <param index="2">
              <value>
                <![CDATA[pandharinathachyutraolondhe]]>
              </value>
            </param>
            <param index="3">
              <value>
                <![CDATA[EDYbfrgZESjAmCvAzgmmucEPKM8983ztsm4niUtc6YkwKdvwOs]]>
              </value>
            </param>
          </params>
          <reporter-output>
          </reporter-output>
        </test-method> <!-- setUp -->
        <test-method signature="testInputFormSubmit()[pri:3, instance:seleniumPKG.window_10_Chrome_Selenium@49ec71f8]" started-at="2024-12-14T15:57:05 IST" name="testInputFormSubmit" finished-at="2024-12-14T15:57:14 IST" duration-ms="9489" status="PASS">
          <reporter-output>
          </reporter-output>
        </test-method> <!-- testInputFormSubmit -->
        <test-method is-config="true" signature="tearDown()[pri:0, instance:seleniumPKG.window_10_Chrome_Selenium@49ec71f8]" started-at="2024-12-14T15:57:14 IST" name="tearDown" finished-at="2024-12-14T15:57:14 IST" duration-ms="128" status="PASS">
          <reporter-output>
          </reporter-output>
        </test-method> <!-- tearDown -->
      </class> <!-- seleniumPKG.window_10_Chrome_Selenium -->
    </test> <!-- Chrome on Windows 10 -->
    <test started-at="2024-12-14T15:54:37 IST" name="Firefox on Windows 11" finished-at="2024-12-14T15:57:46 IST" duration-ms="188655">
      <class name="seleniumPKG.window_10_FFox_Selenium">
        <test-method is-config="true" signature="setUp(java.lang.String,java.lang.String,java.lang.String,java.lang.String)[pri:0, instance:seleniumPKG.window_10_FFox_Selenium@36ebc363]" started-at="2024-12-14T15:54:37 IST" name="setUp" finished-at="2024-12-14T15:55:31 IST" duration-ms="53823" status="PASS">
          <params>
            <param index="0">
              <value>
                <![CDATA[latest]]>
              </value>
            </param>
            <param index="1">
              <value>
                <![CDATA[Windows 11]]>
              </value>
            </param>
            <param index="2">
              <value>
                <![CDATA[pandharinathachyutraolondhe]]>
              </value>
            </param>
            <param index="3">
              <value>
                <![CDATA[EDYbfrgZESjAmCvAzgmmucEPKM8983ztsm4niUtc6YkwKdvwOs]]>
              </value>
            </param>
          </params>
          <reporter-output>
          </reporter-output>
        </test-method> <!-- setUp -->
        <test-method signature="testSimpleFormDemo()[pri:1, instance:seleniumPKG.window_10_FFox_Selenium@36ebc363]" started-at="2024-12-14T15:55:31 IST" name="testSimpleFormDemo" finished-at="2024-12-14T15:55:41 IST" duration-ms="10090" status="PASS">
          <reporter-output>
          </reporter-output>
        </test-method> <!-- testSimpleFormDemo -->
        <test-method is-config="true" signature="tearDown()[pri:0, instance:seleniumPKG.window_10_FFox_Selenium@36ebc363]" started-at="2024-12-14T15:55:41 IST" name="tearDown" finished-at="2024-12-14T15:55:43 IST" duration-ms="2533" status="PASS">
          <reporter-output>
          </reporter-output>
        </test-method> <!-- tearDown -->
        <test-method is-config="true" signature="setUp(java.lang.String,java.lang.String,java.lang.String,java.lang.String)[pri:0, instance:seleniumPKG.window_10_FFox_Selenium@36ebc363]" started-at="2024-12-14T15:55:43 IST" name="setUp" finished-at="2024-12-14T15:56:34 IST" duration-ms="50761" status="PASS">
          <params>
            <param index="0">
              <value>
                <![CDATA[latest]]>
              </value>
            </param>
            <param index="1">
              <value>
                <![CDATA[Windows 11]]>
              </value>
            </param>
            <param index="2">
              <value>
                <![CDATA[pandharinathachyutraolondhe]]>
              </value>
            </param>
            <param index="3">
              <value>
                <![CDATA[EDYbfrgZESjAmCvAzgmmucEPKM8983ztsm4niUtc6YkwKdvwOs]]>
              </value>
            </param>
          </params>
          <reporter-output>
          </reporter-output>
        </test-method> <!-- setUp -->
        <test-method signature="testDragAndDropSlider()[pri:2, instance:seleniumPKG.window_10_FFox_Selenium@36ebc363]" started-at="2024-12-14T15:56:34 IST" name="testDragAndDropSlider" finished-at="2024-12-14T15:56:48 IST" duration-ms="13575" status="PASS">
          <reporter-output>
          </reporter-output>
        </test-method> <!-- testDragAndDropSlider -->
        <test-method is-config="true" signature="tearDown()[pri:0, instance:seleniumPKG.window_10_FFox_Selenium@36ebc363]" started-at="2024-12-14T15:56:48 IST" name="tearDown" finished-at="2024-12-14T15:56:50 IST" duration-ms="2361" status="PASS">
          <reporter-output>
          </reporter-output>
        </test-method> <!-- tearDown -->
        <test-method is-config="true" signature="setUp(java.lang.String,java.lang.String,java.lang.String,java.lang.String)[pri:0, instance:seleniumPKG.window_10_FFox_Selenium@36ebc363]" started-at="2024-12-14T15:56:50 IST" name="setUp" finished-at="2024-12-14T15:57:21 IST" duration-ms="30991" status="PASS">
          <params>
            <param index="0">
              <value>
                <![CDATA[latest]]>
              </value>
            </param>
            <param index="1">
              <value>
                <![CDATA[Windows 11]]>
              </value>
            </param>
            <param index="2">
              <value>
                <![CDATA[pandharinathachyutraolondhe]]>
              </value>
            </param>
            <param index="3">
              <value>
                <![CDATA[EDYbfrgZESjAmCvAzgmmucEPKM8983ztsm4niUtc6YkwKdvwOs]]>
              </value>
            </param>
          </params>
          <reporter-output>
          </reporter-output>
        </test-method> <!-- setUp -->
        <test-method signature="testInputFormSubmit()[pri:3, instance:seleniumPKG.window_10_FFox_Selenium@36ebc363]" started-at="2024-12-14T15:57:21 IST" name="testInputFormSubmit" finished-at="2024-12-14T15:57:43 IST" duration-ms="22257" status="PASS">
          <reporter-output>
          </reporter-output>
        </test-method> <!-- testInputFormSubmit -->
        <test-method is-config="true" signature="tearDown()[pri:0, instance:seleniumPKG.window_10_FFox_Selenium@36ebc363]" started-at="2024-12-14T15:57:43 IST" name="tearDown" finished-at="2024-12-14T15:57:46 IST" duration-ms="2196" status="PASS">
          <reporter-output>
          </reporter-output>
        </test-method> <!-- tearDown -->
      </class> <!-- seleniumPKG.window_10_FFox_Selenium -->
    </test> <!-- Firefox on Windows 11 -->
  </suite> <!-- LT_Selenium -->
</testng-results>
